app/app/build/intermediates/manifest_merge_blame_file/debug/manifest-merger-blame-debug-report.txt
1<?xml version="1.0" encoding="utf-8"?>
2<manifest xmlns:android="http://schemas.android.com/apk/res/android"
3    package="pt.iade.joaotomas.QRCaching"
4    android:versionCode="1"
5    android:versionName="1.0" >
6
7    <uses-sdk
8        android:minSdkVersion="28"
9        android:targetSdkVersion="33" />
10
11    <uses-permission android:name="android.permission.INTERNET" />
11-->src\main\AndroidManifest.xml:5:5-67
11-->src\main\AndroidManifest.xml:5:22-64
12
13    <uses-feature
13-->src\main\AndroidManifest.xml:7:5-9:36
14        android:name="android.hardware.camera"
14-->src\main\AndroidManifest.xml:8:9-47
15        android:required="false" />
15-->src\main\AndroidManifest.xml:9:9-33
16
17    <uses-permission android:name="android.permission.CAMERA" />
17-->src\main\AndroidManifest.xml:11:5-65
17-->src\main\AndroidManifest.xml:11:22-62
18    <uses-permission android:name="android.permission.ACCESS_COARSE_LOCATION" />
18-->src\main\AndroidManifest.xml:12:5-81
18-->src\main\AndroidManifest.xml:12:22-78
19    <uses-permission android:name="android.permission.ACCESS_FINE_LOCATION" />
19-->src\main\AndroidManifest.xml:13:5-79
19-->src\main\AndroidManifest.xml:13:22-76
20    <uses-permission android:name="android.permission.INTERNET" />
20-->src\main\AndroidManifest.xml:5:5-67
20-->src\main\AndroidManifest.xml:5:22-64
21
22    <!-- Include required permissions for Google Maps API to run. -->
23    <uses-permission android:name="android.permission.ACCESS_NETWORK_STATE" />
23-->[com.google.android.gms:play-services-maps:18.2.0] AndroidManifest.xml:23:5-79
23-->[com.google.android.gms:play-services-maps:18.2.0] AndroidManifest.xml:23:22-76
24
25    <uses-feature
25-->[com.google.android.gms:play-services-maps:18.2.0] AndroidManifest.xml:26:5-28:35
26        android:glEsVersion="0x00020000"
26-->[com.google.android.gms:play-services-maps:18.2.0] AndroidManifest.xml:27:9-41
27        android:required="true" />
27-->[com.google.android.gms:play-services-maps:18.2.0] AndroidManifest.xml:28:9-32
28
29    <queries>
29-->[com.google.android.gms:play-services-maps:18.2.0] AndroidManifest.xml:30:5-34:15
30
31        <!-- Needs to be explicitly declared on Android R+ -->
32        <package android:name="com.google.android.apps.maps" />
32-->[com.google.android.gms:play-services-maps:18.2.0] AndroidManifest.xml:33:9-64
32-->[com.google.android.gms:play-services-maps:18.2.0] AndroidManifest.xml:33:18-61
33    </queries>
34
35    <permission
35-->[androidx.core:core:1.9.0] AndroidManifest.xml:22:5-24:47
36        android:name="pt.iade.joaotomas.QRCaching.DYNAMIC_RECEIVER_NOT_EXPORTED_PERMISSION"
36-->[androidx.core:core:1.9.0] AndroidManifest.xml:23:9-81
37        android:protectionLevel="signature" />
37-->[androidx.core:core:1.9.0] AndroidManifest.xml:24:9-44
38
39    <uses-permission android:name="pt.iade.joaotomas.QRCaching.DYNAMIC_RECEIVER_NOT_EXPORTED_PERMISSION" />
39-->[androidx.core:core:1.9.0] AndroidManifest.xml:26:5-97
39-->[androidx.core:core:1.9.0] AndroidManifest.xml:26:22-94
40
41    <uses-feature
41-->[com.journeyapps:zxing-android-embedded:4.3.0] AndroidManifest.xml:28:5-30:36
42        android:name="android.hardware.camera.front"
42-->[com.journeyapps:zxing-android-embedded:4.3.0] AndroidManifest.xml:29:9-53
43        android:required="false" /> <!-- TODO replace above two with next line after Android 4.2 -->
43-->[com.journeyapps:zxing-android-embedded:4.3.0] AndroidManifest.xml:30:9-33
44    <!-- <uses-feature android:name="android.hardware.camera.any"/> -->
45    <uses-feature
45-->[com.journeyapps:zxing-android-embedded:4.3.0] AndroidManifest.xml:33:5-35:36
46        android:name="android.hardware.camera.autofocus"
46-->[com.journeyapps:zxing-android-embedded:4.3.0] AndroidManifest.xml:34:9-57
47        android:required="false" />
47-->[com.journeyapps:zxing-android-embedded:4.3.0] AndroidManifest.xml:35:9-33
48    <uses-feature
48-->[com.journeyapps:zxing-android-embedded:4.3.0] AndroidManifest.xml:36:5-38:36
49        android:name="android.hardware.camera.flash"
49-->[com.journeyapps:zxing-android-embedded:4.3.0] AndroidManifest.xml:37:9-53
50        android:required="false" />
50-->[com.journeyapps:zxing-android-embedded:4.3.0] AndroidManifest.xml:38:9-33
51    <uses-feature
51-->[com.journeyapps:zxing-android-embedded:4.3.0] AndroidManifest.xml:39:5-41:36
52        android:name="android.hardware.screen.landscape"
52-->[com.journeyapps:zxing-android-embedded:4.3.0] AndroidManifest.xml:40:9-57
53        android:required="false" />
53-->[com.journeyapps:zxing-android-embedded:4.3.0] AndroidManifest.xml:41:9-33
54    <uses-feature
54-->[com.journeyapps:zxing-android-embedded:4.3.0] AndroidManifest.xml:42:5-44:36
55        android:name="android.hardware.wifi"
55-->[com.journeyapps:zxing-android-embedded:4.3.0] AndroidManifest.xml:43:9-45
56        android:required="false" />
56-->[com.journeyapps:zxing-android-embedded:4.3.0] AndroidManifest.xml:44:9-33
57
58    <application
58-->src\main\AndroidManifest.xml:16:5-89:19
59        android:allowBackup="true"
59-->src\main\AndroidManifest.xml:17:9-35
60        android:appComponentFactory="androidx.core.app.CoreComponentFactory"
60-->[androidx.core:core:1.9.0] AndroidManifest.xml:28:18-86
61        android:dataExtractionRules="@xml/data_extraction_rules"
61-->src\main\AndroidManifest.xml:18:9-65
62        android:debuggable="true"
63        android:extractNativeLibs="false"
64        android:fullBackupContent="@xml/backup_rules"
64-->src\main\AndroidManifest.xml:19:9-54
65        android:hardwareAccelerated="true"
65-->src\main\AndroidManifest.xml:20:9-43
66        android:icon="@mipmap/ic_launcher"
66-->src\main\AndroidManifest.xml:21:9-43
67        android:label="@string/app_name"
67-->src\main\AndroidManifest.xml:22:9-41
68        android:roundIcon="@mipmap/ic_launcher_round"
68-->src\main\AndroidManifest.xml:23:9-54
69        android:supportsRtl="true"
69-->src\main\AndroidManifest.xml:24:9-35
70        android:testOnly="true"
71        android:theme="@style/Theme.Copypasteplayground"
71-->src\main\AndroidManifest.xml:25:9-57
72        android:usesCleartextTraffic="true" >
72-->src\main\AndroidManifest.xml:26:9-44
73        <activity
73-->src\main\AndroidManifest.xml:28:9-32:64
74            android:name="pt.iade.joaotomas.QRCaching.takephoto"
74-->src\main\AndroidManifest.xml:29:13-38
75            android:exported="false"
75-->src\main\AndroidManifest.xml:30:13-37
76            android:label="@string/title_activity_takephoto"
76-->src\main\AndroidManifest.xml:31:13-61
77            android:theme="@style/Theme.Copypasteplayground" />
77-->src\main\AndroidManifest.xml:32:13-61
78        <activity
78-->src\main\AndroidManifest.xml:33:9-36:52
79            android:name="pt.iade.joaotomas.QRCaching.photo"
79-->src\main\AndroidManifest.xml:34:13-34
80            android:exported="false"
80-->src\main\AndroidManifest.xml:35:13-37
81            android:screenOrientation="portrait" />
81-->src\main\AndroidManifest.xml:36:13-49
82        <activity
82-->src\main\AndroidManifest.xml:37:9-40:52
83            android:name="pt.iade.joaotomas.QRCaching.event_page"
83-->src\main\AndroidManifest.xml:38:13-39
84            android:exported="false"
84-->src\main\AndroidManifest.xml:39:13-37
85            android:screenOrientation="portrait" />
85-->src\main\AndroidManifest.xml:40:13-49
86        <activity
86-->src\main\AndroidManifest.xml:41:9-44:52
87            android:name="pt.iade.joaotomas.QRCaching.vault"
87-->src\main\AndroidManifest.xml:42:13-34
88            android:exported="false"
88-->src\main\AndroidManifest.xml:43:13-37
89            android:screenOrientation="portrait" />
89-->src\main\AndroidManifest.xml:44:13-49
90        <activity
90-->src\main\AndroidManifest.xml:45:9-48:52
91            android:name="pt.iade.joaotomas.QRCaching.qrcode"
91-->src\main\AndroidManifest.xml:46:13-35
92            android:exported="false"
92-->src\main\AndroidManifest.xml:47:13-37
93            android:screenOrientation="portrait" />
93-->src\main\AndroidManifest.xml:48:13-49
94        <activity
94-->src\main\AndroidManifest.xml:49:9-52:52
95            android:name="pt.iade.joaotomas.QRCaching.eventlist"
95-->src\main\AndroidManifest.xml:50:13-38
96            android:exported="false"
96-->src\main\AndroidManifest.xml:51:13-37
97            android:screenOrientation="portrait" />
97-->src\main\AndroidManifest.xml:52:13-49
98
99        <meta-data
99-->src\main\AndroidManifest.xml:54:9-56:71
100            android:name="com.google.android.geo.API_KEY"
100-->src\main\AndroidManifest.xml:55:13-58
101            android:value="AIzaSyDg_qWGdXGRMzKaipeYdXzLwVIBf6pItXA" />
101-->src\main\AndroidManifest.xml:56:13-68
102
103        <activity
103-->src\main\AndroidManifest.xml:58:9-61:52
104            android:name="pt.iade.joaotomas.QRCaching.map"
104-->src\main\AndroidManifest.xml:59:13-32
105            android:exported="false"
105-->src\main\AndroidManifest.xml:60:13-37
106            android:screenOrientation="portrait" />
106-->src\main\AndroidManifest.xml:61:13-49
107        <activity
107-->src\main\AndroidManifest.xml:62:9-65:52
108            android:name="pt.iade.joaotomas.QRCaching.profilepage"
108-->src\main\AndroidManifest.xml:63:13-40
109            android:exported="false"
109-->src\main\AndroidManifest.xml:64:13-37
110            android:screenOrientation="portrait" />
110-->src\main\AndroidManifest.xml:65:13-49
111        <activity
111-->src\main\AndroidManifest.xml:66:9-69:52
112            android:name="pt.iade.joaotomas.QRCaching.mainpage"
112-->src\main\AndroidManifest.xml:67:13-37
113            android:exported="false"
113-->src\main\AndroidManifest.xml:68:13-37
114            android:screenOrientation="portrait" />
114-->src\main\AndroidManifest.xml:69:13-49
115        <activity
115-->src\main\AndroidManifest.xml:70:9-73:52
116            android:name="pt.iade.joaotomas.QRCaching.signin"
116-->src\main\AndroidManifest.xml:71:13-35
117            android:exported="false"
117-->src\main\AndroidManifest.xml:72:13-37
118            android:screenOrientation="portrait" />
118-->src\main\AndroidManifest.xml:73:13-49
119        <activity
119-->src\main\AndroidManifest.xml:74:9-78:57
120            android:name="pt.iade.joaotomas.QRCaching.models.CaptureAct"
120-->src\main\AndroidManifest.xml:75:13-46
121            android:screenOrientation="portrait"
121-->src\main\AndroidManifest.xml:76:13-49
122            android:stateNotNeeded="true"
122-->src\main\AndroidManifest.xml:77:13-42
123            android:theme="@style/zxing_CaptureTheme" />
123-->src\main\AndroidManifest.xml:78:13-54
124        <activity
124-->src\main\AndroidManifest.xml:79:9-88:20
125            android:name="pt.iade.joaotomas.QRCaching.MainActivity"
125-->src\main\AndroidManifest.xml:80:13-41
126            android:exported="true"
126-->src\main\AndroidManifest.xml:81:13-36
127            android:screenOrientation="portrait" >
127-->src\main\AndroidManifest.xml:82:13-49
128            <intent-filter>
128-->src\main\AndroidManifest.xml:83:13-87:29
129                <action android:name="android.intent.action.MAIN" />
129-->src\main\AndroidManifest.xml:84:17-69
129-->src\main\AndroidManifest.xml:84:25-66
130
131                <category android:name="android.intent.category.LAUNCHER" />
131-->src\main\AndroidManifest.xml:86:17-77
131-->src\main\AndroidManifest.xml:86:27-74
132            </intent-filter>
133        </activity>
134        <activity
134-->[androidx.compose.ui:ui-test-manifest:1.4.0] AndroidManifest.xml:23:9-25:39
135            android:name="androidx.activity.ComponentActivity"
135-->[androidx.compose.ui:ui-test-manifest:1.4.0] AndroidManifest.xml:24:13-63
136            android:exported="true" />
136-->[androidx.compose.ui:ui-test-manifest:1.4.0] AndroidManifest.xml:25:13-36
137        <activity
137-->[androidx.compose.ui:ui-tooling:1.4.0] AndroidManifest.xml:23:9-25:39
138            android:name="androidx.compose.ui.tooling.PreviewActivity"
138-->[androidx.compose.ui:ui-tooling:1.4.0] AndroidManifest.xml:24:13-71
139            android:exported="true" /> <!-- Needs to be explicitly declared on P+ -->
139-->[androidx.compose.ui:ui-tooling:1.4.0] AndroidManifest.xml:25:13-36
140        <uses-library
140-->[com.google.android.gms:play-services-maps:18.2.0] AndroidManifest.xml:39:9-41:40
141            android:name="org.apache.http.legacy"
141-->[com.google.android.gms:play-services-maps:18.2.0] AndroidManifest.xml:40:13-50
142            android:required="false" />
142-->[com.google.android.gms:play-services-maps:18.2.0] AndroidManifest.xml:41:13-37
143
144        <activity
144-->[com.google.android.gms:play-services-base:18.0.1] AndroidManifest.xml:20:9-22:45
145            android:name="com.google.android.gms.common.api.GoogleApiActivity"
145-->[com.google.android.gms:play-services-base:18.0.1] AndroidManifest.xml:20:19-85
146            android:exported="false"
146-->[com.google.android.gms:play-services-base:18.0.1] AndroidManifest.xml:22:19-43
147            android:theme="@android:style/Theme.Translucent.NoTitleBar" />
147-->[com.google.android.gms:play-services-base:18.0.1] AndroidManifest.xml:21:19-78
148
149        <meta-data
149-->[com.google.android.gms:play-services-basement:18.0.0] AndroidManifest.xml:21:9-23:69
150            android:name="com.google.android.gms.version"
150-->[com.google.android.gms:play-services-basement:18.0.0] AndroidManifest.xml:22:13-58
151            android:value="@integer/google_play_services_version" />
151-->[com.google.android.gms:play-services-basement:18.0.0] AndroidManifest.xml:23:13-66
152
153        <provider
153-->[androidx.emoji2:emoji2:1.3.0] AndroidManifest.xml:24:9-32:20
154            android:name="androidx.startup.InitializationProvider"
154-->[androidx.emoji2:emoji2:1.3.0] AndroidManifest.xml:25:13-67
155            android:authorities="pt.iade.joaotomas.QRCaching.androidx-startup"
155-->[androidx.emoji2:emoji2:1.3.0] AndroidManifest.xml:26:13-68
156            android:exported="false" >
156-->[androidx.emoji2:emoji2:1.3.0] AndroidManifest.xml:27:13-37
157            <meta-data
157-->[androidx.emoji2:emoji2:1.3.0] AndroidManifest.xml:29:13-31:52
158                android:name="androidx.emoji2.text.EmojiCompatInitializer"
158-->[androidx.emoji2:emoji2:1.3.0] AndroidManifest.xml:30:17-75
159                android:value="androidx.startup" />
159-->[androidx.emoji2:emoji2:1.3.0] AndroidManifest.xml:31:17-49
160            <meta-data
160-->[androidx.lifecycle:lifecycle-process:2.6.1] AndroidManifest.xml:29:13-31:52
161                android:name="androidx.lifecycle.ProcessLifecycleInitializer"
161-->[androidx.lifecycle:lifecycle-process:2.6.1] AndroidManifest.xml:30:17-78
162                android:value="androidx.startup" />
162-->[androidx.lifecycle:lifecycle-process:2.6.1] AndroidManifest.xml:31:17-49
163            <meta-data
163-->[androidx.profileinstaller:profileinstaller:1.3.0] AndroidManifest.xml:29:13-31:52
164                android:name="androidx.profileinstaller.ProfileInstallerInitializer"
164-->[androidx.profileinstaller:profileinstaller:1.3.0] AndroidManifest.xml:30:17-85
165                android:value="androidx.startup" />
165-->[androidx.profileinstaller:profileinstaller:1.3.0] AndroidManifest.xml:31:17-49
166        </provider>
167
168        <activity
168-->[com.journeyapps:zxing-android-embedded:4.3.0] AndroidManifest.xml:47:9-53:63
169            android:name="com.journeyapps.barcodescanner.CaptureActivity"
169-->[com.journeyapps:zxing-android-embedded:4.3.0] AndroidManifest.xml:48:13-74
170            android:clearTaskOnLaunch="true"
170-->[com.journeyapps:zxing-android-embedded:4.3.0] AndroidManifest.xml:49:13-45
171            android:screenOrientation="sensorLandscape"
171-->[com.journeyapps:zxing-android-embedded:4.3.0] AndroidManifest.xml:50:13-56
172            android:stateNotNeeded="true"
172-->[com.journeyapps:zxing-android-embedded:4.3.0] AndroidManifest.xml:51:13-42
173            android:theme="@style/zxing_CaptureTheme"
173-->[com.journeyapps:zxing-android-embedded:4.3.0] AndroidManifest.xml:52:13-54
174            android:windowSoftInputMode="stateAlwaysHidden" />
174-->[com.journeyapps:zxing-android-embedded:4.3.0] AndroidManifest.xml:53:13-60
175
176        <receiver
176-->[androidx.profileinstaller:profileinstaller:1.3.0] AndroidManifest.xml:34:9-52:20
177            android:name="androidx.profileinstaller.ProfileInstallReceiver"
177-->[androidx.profileinstaller:profileinstaller:1.3.0] AndroidManifest.xml:35:13-76
178            android:directBootAware="false"
178-->[androidx.profileinstaller:profileinstaller:1.3.0] AndroidManifest.xml:36:13-44
179            android:enabled="true"
179-->[androidx.profileinstaller:profileinstaller:1.3.0] AndroidManifest.xml:37:13-35
180            android:exported="true"
180-->[androidx.profileinstaller:profileinstaller:1.3.0] AndroidManifest.xml:38:13-36
181            android:permission="android.permission.DUMP" >
181-->[androidx.profileinstaller:profileinstaller:1.3.0] AndroidManifest.xml:39:13-57
182            <intent-filter>
182-->[androidx.profileinstaller:profileinstaller:1.3.0] AndroidManifest.xml:40:13-42:29
183                <action android:name="androidx.profileinstaller.action.INSTALL_PROFILE" />
183-->[androidx.profileinstaller:profileinstaller:1.3.0] AndroidManifest.xml:41:17-91
183-->[androidx.profileinstaller:profileinstaller:1.3.0] AndroidManifest.xml:41:25-88
184            </intent-filter>
185            <intent-filter>
185-->[androidx.profileinstaller:profileinstaller:1.3.0] AndroidManifest.xml:43:13-45:29
186                <action android:name="androidx.profileinstaller.action.SKIP_FILE" />
186-->[androidx.profileinstaller:profileinstaller:1.3.0] AndroidManifest.xml:44:17-85
186-->[androidx.profileinstaller:profileinstaller:1.3.0] AndroidManifest.xml:44:25-82
187            </intent-filter>
188            <intent-filter>
188-->[androidx.profileinstaller:profileinstaller:1.3.0] AndroidManifest.xml:46:13-48:29
189                <action android:name="androidx.profileinstaller.action.SAVE_PROFILE" />
189-->[androidx.profileinstaller:profileinstaller:1.3.0] AndroidManifest.xml:47:17-88
189-->[androidx.profileinstaller:profileinstaller:1.3.0] AndroidManifest.xml:47:25-85
190            </intent-filter>
191            <intent-filter>
191-->[androidx.profileinstaller:profileinstaller:1.3.0] AndroidManifest.xml:49:13-51:29
192                <action android:name="androidx.profileinstaller.action.BENCHMARK_OPERATION" />
192-->[androidx.profileinstaller:profileinstaller:1.3.0] AndroidManifest.xml:50:17-95
192-->[androidx.profileinstaller:profileinstaller:1.3.0] AndroidManifest.xml:50:25-92
193            </intent-filter>
194        </receiver>
195    </application>
196
197</manifest>